<?xml version="1.0" encoding="UTF-8"?>
<testng-results skipped="1" failed="0" total="3" passed="2">
  <reporter-output>
  </reporter-output>
  <suite name="TestMultipleBrowserSuiteName" duration-ms="90448" started-at="2016-03-04T02:00:01Z" finished-at="2016-03-04T02:01:31Z">
    <groups>
    </groups>
    <test name="ChromeTest" duration-ms="24795" started-at="2016-03-04T02:00:01Z" finished-at="2016-03-04T02:00:25Z">
      <class name="demo.selenium.MultipleBrowserSearchTest">
        <test-method status="PASS" signature="beforeClass(java.lang.String)[pri:0, instance:demo.selenium.MultipleBrowserSearchTest@edf4efb]" name="beforeClass" is-config="true" duration-ms="2546" started-at="2016-03-04T10:00:01Z" finished-at="2016-03-04T10:00:03Z">
          <params>
            <param index="0">
              <value>
                <![CDATA[chrome]]>
              </value>
            </param>
          </params>
          <reporter-output>
          </reporter-output>
        </test-method> <!-- beforeClass -->
        <test-method status="PASS" signature="testLoginKiwi()[pri:0, instance:demo.selenium.MultipleBrowserSearchTest@edf4efb]" name="testLoginKiwi" duration-ms="20824" started-at="2016-03-04T10:00:03Z" finished-at="2016-03-04T10:00:24Z">
          <reporter-output>
          </reporter-output>
        </test-method> <!-- testLoginKiwi -->
        <test-method status="PASS" signature="afterClass()[pri:0, instance:demo.selenium.MultipleBrowserSearchTest@edf4efb]" name="afterClass" is-config="true" duration-ms="1400" started-at="2016-03-04T10:00:24Z" finished-at="2016-03-04T10:00:25Z">
          <reporter-output>
          </reporter-output>
        </test-method> <!-- afterClass -->
      </class> <!-- demo.selenium.MultipleBrowserSearchTest -->
    </test> <!-- ChromeTest -->
    <test name="FirefoxTest" duration-ms="45714" started-at="2016-03-04T02:00:01Z" finished-at="2016-03-04T02:00:46Z">
      <class name="demo.selenium.MultipleBrowserSearchTest">
        <test-method status="FAIL" signature="beforeClass(java.lang.String)[pri:0, instance:demo.selenium.MultipleBrowserSearchTest@6a5fc7f7]" name="beforeClass" is-config="true" duration-ms="0" started-at="2016-03-04T10:00:01Z" finished-at="2016-03-04T10:00:01Z">
          <params>
            <param index="0">
              <value>
                <![CDATA[firefox]]>
              </value>
            </param>
          </params>
          <exception class="org.openqa.selenium.WebDriverException">
            <message>
              <![CDATA[Unable to bind to locking port 7054 within 45000 ms
Build info: version: '2.49.0', revision: '365eeb4', time: '2016-01-13 18:33:29'
System info: host: 'Num30-PC', ip: '10.13.2.139', os.name: 'Windows 7', os.arch: 'amd64', os.version: '6.1', java.version: '1.8.0_31'
Driver info: driver.version: FirefoxDriver]]>
            </message>
            <full-stacktrace>
              <![CDATA[org.openqa.selenium.WebDriverException: Unable to bind to locking port 7054 within 45000 ms
Build info: version: '2.49.0', revision: '365eeb4', time: '2016-01-13 18:33:29'
System info: host: 'Num30-PC', ip: '10.13.2.139', os.name: 'Windows 7', os.arch: 'amd64', os.version: '6.1', java.version: '1.8.0_31'
Driver info: driver.version: FirefoxDriver
	at org.openqa.selenium.internal.SocketLock.lock(SocketLock.java:99)
	at org.openqa.selenium.firefox.internal.NewProfileExtensionConnection.start(NewProfileExtensionConnection.java:90)
	at org.openqa.selenium.firefox.FirefoxDriver.startClient(FirefoxDriver.java:271)
	at org.openqa.selenium.remote.RemoteWebDriver.<init>(RemoteWebDriver.java:119)
	at org.openqa.selenium.firefox.FirefoxDriver.<init>(FirefoxDriver.java:218)
	at org.openqa.selenium.firefox.FirefoxDriver.<init>(FirefoxDriver.java:211)
	at org.openqa.selenium.firefox.FirefoxDriver.<init>(FirefoxDriver.java:207)
	at org.openqa.selenium.firefox.FirefoxDriver.<init>(FirefoxDriver.java:120)
	at demo.selenium.MultipleBrowserSearchTest.beforeClass(MultipleBrowserSearchTest.java:75)
	at sun.reflect.NativeMethodAccessorImpl.invoke0(Native Method)
	at sun.reflect.NativeMethodAccessorImpl.invoke(Unknown Source)
	at sun.reflect.DelegatingMethodAccessorImpl.invoke(Unknown Source)
	at java.lang.reflect.Method.invoke(Unknown Source)
	at org.testng.internal.MethodInvocationHelper.invokeMethod(MethodInvocationHelper.java:85)
	at org.testng.internal.Invoker.invokeConfigurationMethod(Invoker.java:510)
	at org.testng.internal.Invoker.invokeConfigurations(Invoker.java:211)
	at org.testng.internal.Invoker.invokeConfigurations(Invoker.java:138)
	at org.testng.internal.TestMethodWorker.invokeBeforeClassMethods(TestMethodWorker.java:170)
	at org.testng.internal.TestMethodWorker.run(TestMethodWorker.java:104)
	at org.testng.TestRunner.privateRun(TestRunner.java:774)
	at org.testng.TestRunner.run(TestRunner.java:624)
	at org.testng.SuiteRunner.runTest(SuiteRunner.java:359)
	at org.testng.SuiteRunner.access$000(SuiteRunner.java:39)
	at org.testng.SuiteRunner$SuiteWorker.run(SuiteRunner.java:393)
	at org.testng.internal.thread.ThreadUtil$2.call(ThreadUtil.java:64)
	at java.util.concurrent.FutureTask.run(Unknown Source)
	at java.util.concurrent.ThreadPoolExecutor.runWorker(Unknown Source)
	at java.util.concurrent.ThreadPoolExecutor$Worker.run(Unknown Source)
	at java.lang.Thread.run(Unknown Source)
]]>
            </full-stacktrace>
          </exception> <!-- org.openqa.selenium.WebDriverException -->
          <reporter-output>
          </reporter-output>
        </test-method> <!-- beforeClass -->
        <test-method status="SKIP" signature="testLoginKiwi()[pri:0, instance:demo.selenium.MultipleBrowserSearchTest@6a5fc7f7]" name="testLoginKiwi" duration-ms="1" started-at="2016-03-04T10:00:46Z" finished-at="2016-03-04T10:00:46Z">
          <reporter-output>
          </reporter-output>
        </test-method> <!-- testLoginKiwi -->
        <test-method status="SKIP" signature="afterClass()[pri:0, instance:demo.selenium.MultipleBrowserSearchTest@6a5fc7f7]" name="afterClass" is-config="true" duration-ms="0" started-at="2016-03-04T10:00:46Z" finished-at="2016-03-04T10:00:46Z">
          <reporter-output>
          </reporter-output>
        </test-method> <!-- afterClass -->
      </class> <!-- demo.selenium.MultipleBrowserSearchTest -->
    </test> <!-- FirefoxTest -->
    <test name="IETest" duration-ms="90448" started-at="2016-03-04T02:00:01Z" finished-at="2016-03-04T02:01:31Z">
      <class name="demo.selenium.MultipleBrowserSearchTest">
        <test-method status="PASS" signature="beforeClass(java.lang.String)[pri:0, instance:demo.selenium.MultipleBrowserSearchTest@3796751b]" name="beforeClass" is-config="true" duration-ms="3158" started-at="2016-03-04T10:00:01Z" finished-at="2016-03-04T10:00:04Z">
          <params>
            <param index="0">
              <value>
                <![CDATA[ie]]>
              </value>
            </param>
          </params>
          <reporter-output>
          </reporter-output>
        </test-method> <!-- beforeClass -->
        <test-method status="PASS" signature="testLoginKiwi()[pri:0, instance:demo.selenium.MultipleBrowserSearchTest@3796751b]" name="testLoginKiwi" duration-ms="86331" started-at="2016-03-04T10:00:04Z" finished-at="2016-03-04T10:01:30Z">
          <reporter-output>
          </reporter-output>
        </test-method> <!-- testLoginKiwi -->
        <test-method status="PASS" signature="afterClass()[pri:0, instance:demo.selenium.MultipleBrowserSearchTest@3796751b]" name="afterClass" is-config="true" duration-ms="937" started-at="2016-03-04T10:01:30Z" finished-at="2016-03-04T10:01:31Z">
          <reporter-output>
          </reporter-output>
        </test-method> <!-- afterClass -->
      </class> <!-- demo.selenium.MultipleBrowserSearchTest -->
    </test> <!-- IETest -->
  </suite> <!-- TestMultipleBrowserSuiteName -->
</testng-results>
